Determining if the pthread_create exist failed with the following output:
Change Dir: /root/CS4501-Labs/lab6_ws/build/system_tests/CMakeFiles/CMakeTmp

Run Build Command:"/usr/bin/make" "cmTC_feb21/fast"
/usr/bin/make -f CMakeFiles/cmTC_feb21.dir/build.make CMakeFiles/cmTC_feb21.dir/build
make[1]: Entering directory '/root/CS4501-Labs/lab6_ws/build/system_tests/CMakeFiles/CMakeTmp'
Building C object CMakeFiles/cmTC_feb21.dir/CheckSymbolExists.c.o
/usr/bin/cc    -o CMakeFiles/cmTC_feb21.dir/CheckSymbolExists.c.o   -c /root/CS4501-Labs/lab6_ws/build/system_tests/CMakeFiles/CMakeTmp/CheckSymbolExists.c
Linking C executable cmTC_feb21
/usr/bin/cmake -E cmake_link_script CMakeFiles/cmTC_feb21.dir/link.txt --verbose=1
/usr/bin/cc      -rdynamic CMakeFiles/cmTC_feb21.dir/CheckSymbolExists.c.o  -o cmTC_feb21 
CMakeFiles/cmTC_feb21.dir/CheckSymbolExists.c.o: In function `main':
CheckSymbolExists.c:(.text+0x14): undefined reference to `pthread_create'
CheckSymbolExists.c:(.text+0x18): undefined reference to `pthread_create'
collect2: error: ld returned 1 exit status
CMakeFiles/cmTC_feb21.dir/build.make:97: recipe for target 'cmTC_feb21' failed
make[1]: *** [cmTC_feb21] Error 1
make[1]: Leaving directory '/root/CS4501-Labs/lab6_ws/build/system_tests/CMakeFiles/CMakeTmp'
Makefile:126: recipe for target 'cmTC_feb21/fast' failed
make: *** [cmTC_feb21/fast] Error 2

File /root/CS4501-Labs/lab6_ws/build/system_tests/CMakeFiles/CMakeTmp/CheckSymbolExists.c:
/* */
#include <pthread.h>

int main(int argc, char** argv)
{
  (void)argv;
#ifndef pthread_create
  return ((int*)(&pthread_create))[argc];
#else
  (void)argc;
  return 0;
#endif
}

Determining if the function pthread_create exists in the pthreads failed with the following output:
Change Dir: /root/CS4501-Labs/lab6_ws/build/system_tests/CMakeFiles/CMakeTmp

Run Build Command:"/usr/bin/make" "cmTC_c6340/fast"
/usr/bin/make -f CMakeFiles/cmTC_c6340.dir/build.make CMakeFiles/cmTC_c6340.dir/build
make[1]: Entering directory '/root/CS4501-Labs/lab6_ws/build/system_tests/CMakeFiles/CMakeTmp'
Building C object CMakeFiles/cmTC_c6340.dir/CheckFunctionExists.c.o
/usr/bin/cc   -DCHECK_FUNCTION_EXISTS=pthread_create   -o CMakeFiles/cmTC_c6340.dir/CheckFunctionExists.c.o   -c /usr/share/cmake-3.10/Modules/CheckFunctionExists.c
Linking C executable cmTC_c6340
/usr/bin/cmake -E cmake_link_script CMakeFiles/cmTC_c6340.dir/link.txt --verbose=1
/usr/bin/cc  -DCHECK_FUNCTION_EXISTS=pthread_create    -rdynamic CMakeFiles/cmTC_c6340.dir/CheckFunctionExists.c.o  -o cmTC_c6340 -lpthreads 
/usr/bin/ld: cannot find -lpthreads
collect2: error: ld returned 1 exit status
CMakeFiles/cmTC_c6340.dir/build.make:97: recipe for target 'cmTC_c6340' failed
make[1]: *** [cmTC_c6340] Error 1
make[1]: Leaving directory '/root/CS4501-Labs/lab6_ws/build/system_tests/CMakeFiles/CMakeTmp'
Makefile:126: recipe for target 'cmTC_c6340/fast' failed
make: *** [cmTC_c6340/fast] Error 2


